<?xml version="1.0" encoding="UTF-8"?>
<testsuite name="bibtex.controller.BibTexFormatterTest" tests="2" skipped="0" failures="0" errors="0" timestamp="2017-04-20T11:11:22" hostname="fuxi16" time="0.013">
  <properties/>
  <testcase name="kirjoittaaOikein" classname="bibtex.controller.BibTexFormatterTest" time="0.011"/>
  <testcase name="kirjoittaaTiedostoon" classname="bibtex.controller.BibTexFormatterTest" time="0.001"/>
  <system-out><![CDATA[]]></system-out>
  <system-err><![CDATA[]]></system-err>
</testsuite>
