<?xml version="1.0" encoding="UTF-8"?>
<testsuite name="Scenario: user can add an article with correct required fields" tests="14" skipped="0" failures="0" errors="0" timestamp="2017-04-20T11:11:23" hostname="fuxi16" time="0.014">
  <properties/>
  <testcase name="Given add article is selected" classname="Scenario: user can add an article with correct required fields" time="0.0"/>
  <testcase name="When &quot;author&quot; is given" classname="Scenario: user can add an article with correct required fields" time="0.0"/>
  <testcase name="And &quot;journal&quot; is given" classname="Scenario: user can add an article with correct required fields" time="0.0"/>
  <testcase name="And &quot;title&quot; is given" classname="Scenario: user can add an article with correct required fields" time="0.0"/>
  <testcase name="And &quot;5&quot; is given" classname="Scenario: user can add an article with correct required fields" time="0.0"/>
  <testcase name="And &quot;2012&quot; is given" classname="Scenario: user can add an article with correct required fields" time="0.0"/>
  <testcase name="And &quot;&quot; is given" classname="Scenario: user can add an article with correct required fields" time="0.001"/>
  <testcase name="And &quot;&quot; is given" classname="Scenario: user can add an article with correct required fields" time="0.0"/>
  <testcase name="And &quot;&quot; is given" classname="Scenario: user can add an article with correct required fields" time="0.0"/>
  <testcase name="And &quot;&quot; is given" classname="Scenario: user can add an article with correct required fields" time="0.0"/>
  <testcase name="And &quot;&quot; is given" classname="Scenario: user can add an article with correct required fields" time="0.0"/>
  <testcase name="And &quot;&quot; is given" classname="Scenario: user can add an article with correct required fields" time="0.0"/>
  <testcase name="Then article is added" classname="Scenario: user can add an article with correct required fields" time="0.0"/>
  <testcase name="classMethod" classname="Scenario: user can add an article with correct required fields" time="0.214"/>
  <system-out><![CDATA[]]></system-out>
  <system-err><![CDATA[]]></system-err>
</testsuite>
