<?xml version="1.0" encoding="UTF-8"?>
<testsuite name="Scenario: user cannot add a book with required fields missing" tests="4" skipped="3" failures="0" errors="0" timestamp="2017-04-12T13:18:33" hostname="fuxi16" time="0.004">
  <properties/>
  <testcase name="Given add book is selected" classname="Scenario: user cannot add a book with required fields missing" time="0.001">
    <skipped/>
  </testcase>
  <testcase name="When &quot;&quot; is given" classname="Scenario: user cannot add a book with required fields missing" time="0.001">
    <skipped/>
  </testcase>
  <testcase name="Then error message is shown" classname="Scenario: user cannot add a book with required fields missing" time="0.001">
    <skipped/>
  </testcase>
  <testcase name="classMethod" classname="Scenario: user cannot add a book with required fields missing" time="0.005"/>
  <system-out><![CDATA[]]></system-out>
  <system-err><![CDATA[]]></system-err>
</testsuite>
