<?xml version="1.0" encoding="UTF-8"?>
<testsuite name="bibtex.model.EntryTest" tests="6" skipped="0" failures="0" errors="0" timestamp="2017-04-19T13:38:54" hostname="fuxi16" time="0.011">
  <properties/>
  <testcase name="addOptionalFieldTypesToimii" classname="bibtex.model.EntryTest" time="0.0"/>
  <testcase name="removeFieldToimii" classname="bibtex.model.EntryTest" time="0.003"/>
  <testcase name="addRequiredFieldTypesToimii" classname="bibtex.model.EntryTest" time="0.001"/>
  <testcase name="createBibtexKeyToimiiKunYksiTekija" classname="bibtex.model.EntryTest" time="0.001"/>
  <testcase name="addFieldToimii" classname="bibtex.model.EntryTest" time="0.0"/>
  <testcase name="createBibtexKeyToimiiKunUseaTekija" classname="bibtex.model.EntryTest" time="0.0"/>
  <system-out><![CDATA[]]></system-out>
  <system-err><![CDATA[]]></system-err>
</testsuite>
