<?xml version="1.0" encoding="UTF-8"?>
<testsuite name="takarivi.bibtex.model.EntryTest" tests="6" skipped="0" failures="0" errors="0" timestamp="2017-04-20T11:11:23" hostname="fuxi16" time="0.008">
  <properties/>
  <testcase name="addOptionalFieldTypesToimii" classname="takarivi.bibtex.model.EntryTest" time="0.001"/>
  <testcase name="removeFieldToimii" classname="takarivi.bibtex.model.EntryTest" time="0.001"/>
  <testcase name="addRequiredFieldTypesToimii" classname="takarivi.bibtex.model.EntryTest" time="0.0"/>
  <testcase name="createBibtexKeyToimiiKunYksiTekija" classname="takarivi.bibtex.model.EntryTest" time="0.0"/>
  <testcase name="addFieldToimii" classname="takarivi.bibtex.model.EntryTest" time="0.001"/>
  <testcase name="createBibtexKeyToimiiKunUseaTekija" classname="takarivi.bibtex.model.EntryTest" time="0.0"/>
  <system-out><![CDATA[]]></system-out>
  <system-err><![CDATA[]]></system-err>
</testsuite>
