<?xml version="1.0" encoding="UTF-8"?>
<testsuite name="takarivi.bibtex.RunCukesTest" tests="0" skipped="0" failures="0" errors="0" timestamp="1970-01-01T00:00:00" hostname="fuxi16" time="0.0">
  <properties/>
  <system-out><![CDATA[Command (add, list, quit, write): Content types available: 
article
book
inproceedings
Content type: 
Required fields:
Please enter Author: Please enter Journal: Please enter Title: Please enter Volume: Please enter Year: Please enter BibTexKey (default: AUT12): 
Optional fields:
Please enter Key: Please enter Month: Please enter Note: Please enter Number: Please enter Pages: Command (add, list, quit, write): Command (add, list, quit, write): Content types available: 
article
book
inproceedings
Content type: 
Required fields:
Please enter Author: Please enter Publisher: Please enter Title: Please enter Year: Please enter BibTexKey (default: AUT12): 
Optional fields:
Please enter Address: Please enter Edition: Please enter Key: Please enter Month: Please enter Note: Please enter Series: Please enter Volume: Command (add, list, quit, write): Command (add, list, quit, write): Content types available: 
article
book
inproceedings
Content type: 
Required fields:
Please enter Author: Please enter BookTitle: Please enter Title: Please enter Year: Please enter BibTexKey (default: AUT12): 
Optional fields:
Please enter Address: Please enter Editor: Please enter Key: Please enter Month: Please enter Note: Please enter Organization: Please enter Pages: Please enter Publisher: Please enter Series: Please enter Volume: Command (add, list, quit, write): 
3 Scenarios (?[32m3 passed?[0m)
44 Steps (?[32m44 passed?[0m)
0m0.214s

]]></system-out>
  <system-err><![CDATA[]]></system-err>
</testsuite>
