<?xml version="1.0" encoding="UTF-8"?>
<testsuite name="takarivi.bibtex.controller.EntryHandlerTest" tests="2" skipped="0" failures="0" errors="0" timestamp="2017-04-20T11:11:22" hostname="fuxi16" time="0.003">
  <properties/>
  <testcase name="getEntriesToimii" classname="takarivi.bibtex.controller.EntryHandlerTest" time="0.001"/>
  <testcase name="addEntryToimii" classname="takarivi.bibtex.controller.EntryHandlerTest" time="0.001"/>
  <system-out><![CDATA[]]></system-out>
  <system-err><![CDATA[]]></system-err>
</testsuite>
