<?xml version="1.0" encoding="UTF-8"?>
<testsuite name="bibtex.controller.EntryHandlerTest" tests="2" skipped="0" failures="0" errors="0" timestamp="2017-04-19T13:38:54" hostname="fuxi16" time="0.014">
  <properties/>
  <testcase name="getEntriesToimii" classname="bibtex.controller.EntryHandlerTest" time="0.012"/>
  <testcase name="addEntryToimii" classname="bibtex.controller.EntryHandlerTest" time="0.002"/>
  <system-out><![CDATA[]]></system-out>
  <system-err><![CDATA[]]></system-err>
</testsuite>
